<?xml version="1.0" encoding="UTF-8"?><testsuite errors="0" failures="0" name="as a user i should be able create, read, update and delete store, products, services and categories details CRUD operation" skipped="0" tests="5" time="8.44" timestamp="2022-06-21T22:21:48.959+01:00[Europe/London]"><testcase name="I authorize to the application"/><testcase name="I create a booking on the application"/><testcase name="I read a newly created booking from the application"/><testcase name="I update a newly created booking from the application"/><testcase name="I delete a newly created booking from the application"/></testsuite>